#
# There is insufficient memory for the Java Runtime Environment to continue.
# Native memory allocation (mmap) failed to map 264241152 bytes for G1 virtual space
# Possible reasons:
#   The system is out of physical RAM or swap space
#   The process is running with CompressedOops enabled, and the Java Heap may be blocking the growth of the native heap
# Possible solutions:
#   Reduce memory load on the system
#   Increase physical memory or swap space
#   Check if swap backing store is full
#   Decrease Java heap size (-Xmx/-Xms)
#   Decrease number of Java threads
#   Decrease Java thread stack sizes (-Xss)
#   Set larger code cache with -XX:ReservedCodeCacheSize=
#   JVM is running with Zero Based Compressed Oops mode in which the Java heap is
#     placed in the first 32GB address space. The Java Heap base address is the
#     maximum limit for the native heap growth. Please use -XX:HeapBaseMinAddress
#     to set the Java Heap base and to place the Java Heap above 32GB virtual address.
# This output file may be truncated or incomplete.
#
#  Out of Memory Error (os_windows.cpp:3603), pid=27560, tid=23612
#
# JRE version:  (21.0.7+8) (build )
# Java VM: Java HotSpot(TM) 64-Bit Server VM (21.0.7+8-LTS-jvmci-23.1-b60, mixed mode, emulated-client, sharing, tiered, jvmci, jvmci compiler, compressed oops, compressed class ptrs, g1 gc, windows-amd64)
# No core dump will be written. Minidumps are not enabled by default on client versions of Windows
#

---------------  S U M M A R Y ------------

Command Line: -XX:ThreadPriorityPolicy=1 -XX:+UnlockExperimentalVMOptions -XX:+EnableJVMCIProduct -XX:-UnlockExperimentalVMOptions -XX:TieredStopAtLevel=1 -Dspring.output.ansi.enabled=always -Dcom.sun.management.jmxremote -Dspring.jmx.enabled=true -Dspring.liveBeansView.mbeanDomain -Dspring.application.admin.enabled=true -Dmanagement.endpoints.jmx.exposure.include=* -javaagent:C:\Program Files\JetBrains\IntelliJ IDEA 2025.1\lib\idea_rt.jar=50824 -Dfile.encoding=UTF-8 -Dsun.stdout.encoding=UTF-8 -Dsun.stderr.encoding=UTF-8 ao.samid.auth.AuthApplication

Host: 12th Gen Intel(R) Core(TM) i7-12700KF, 20 cores, 15G,  Windows 11 , 64 bit Build 22621 (10.0.22621.5262)
Time: Wed Jun  4 10:31:32 2025 Azerbaijan Standard Time elapsed time: 0.095516 seconds (0d 0h 0m 0s)

---------------  T H R E A D  ---------------

Current thread (0x000001474cb75940):  JavaThread "Unknown thread" [_thread_in_vm, id=23612, stack(0x0000001c5b700000,0x0000001c5b800000) (1024K)]

Stack: [0x0000001c5b700000,0x0000001c5b800000]
Native frames: (J=compiled Java code, j=interpreted, Vv=VM code, C=native code)
V  [jvm.dll+0x6d4769]
V  [jvm.dll+0x85f091]
V  [jvm.dll+0x8615be]
V  [jvm.dll+0x861c93]
V  [jvm.dll+0x27e3a6]
V  [jvm.dll+0x6d0ee5]
V  [jvm.dll+0x6c5a4a]
V  [jvm.dll+0x35419a]
V  [jvm.dll+0x35be16]
V  [jvm.dll+0x3ae81e]
V  [jvm.dll+0x3aeac8]
V  [jvm.dll+0x3284ac]
V  [jvm.dll+0x32900b]
V  [jvm.dll+0x828449]
V  [jvm.dll+0x3bb501]
V  [jvm.dll+0x8116c8]
V  [jvm.dll+0x4506de]
V  [jvm.dll+0x4522d1]
C  [jli.dll+0x52a3]
C  [ucrtbase.dll+0x29333]
C  [KERNEL32.DLL+0x1259d]
C  [ntdll.dll+0x5af58]


---------------  P R O C E S S  ---------------

Threads class SMR info:
_java_thread_list=0x00007ffe01296c48, length=0, elements={
}

Java Threads: ( => current thread )
Total: 0

Other Threads:
  0x000001474c2f0340 WorkerThread "GC Thread#0"                     [id=24276, stack(0x0000001c5b800000,0x0000001c5b900000) (1024K)]
  0x000001474c300fd0 ConcurrentGCThread "G1 Main Marker"            [id=27072, stack(0x0000001c5b900000,0x0000001c5ba00000) (1024K)]
  0x000001474c301ad0 WorkerThread "G1 Conc#0"                       [id=9768, stack(0x0000001c5ba00000,0x0000001c5bb00000) (1024K)]

[error occurred during error reporting (printing all threads), id 0xc0000005, EXCEPTION_ACCESS_VIOLATION (0xc0000005) at pc=0x00007ffe009fac37]
VM state: not at safepoint (not fully initialized)

VM Mutex/Monitor currently owned by a thread:  ([mutex/lock_event])
[0x00007ffe01307fb0] Heap_lock - owner thread: 0x000001474cb75940

Heap address: 0x0000000705000000, size: 4016 MB, Compressed Oops mode: Zero based, Oop shift amount: 3

CDS archive(s) mapped at: [0x0000000000000000-0x0000000000000000-0x0000000000000000), size 0, SharedBaseAddress: 0x0000000800000000, ArchiveRelocationMode: 1.
Narrow klass base: 0x0000000000000000, Narrow klass shift: 0, Narrow klass range: 0x0

GC Precious Log:
 CardTable entry size: 512
 Card Set container configuration: InlinePtr #cards 4 size 8 Array Of Cards #cards 16 size 48 Howl #buckets 8 coarsen threshold 3686 Howl Bitmap #cards 512 size 80 coarsen threshold 460 Card regions per heap region 1 cards per card region 4096

Heap:
 garbage-first heap   total 0K, used 0K [0x0000000705000000, 0x0000000800000000)
  region size 2048K, 0 young (0K), 0 survivors (0K)

[error occurred during error reporting (printing heap information), id 0xc0000005, EXCEPTION_ACCESS_VIOLATION (0xc0000005) at pc=0x00007ffe00ded7c9]
GC Heap History (0 events):
No events

Dll operation events (1 events):
Event: 0.088 Loaded shared library C:\Users\samid.sixaliyev\.jdks\graalvm-jdk-21.0.7\bin\java.dll

Deoptimization events (0 events):
No events

Classes loaded (0 events):
No events

Classes unloaded (0 events):
No events

Classes redefined (0 events):
No events

Internal exceptions (0 events):
No events

ZGC Phase Switch (0 events):
No events

VM Operations (0 events):
No events

Events (0 events):
No events


Dynamic libraries:
0x00007ff7aeaa0000 - 0x00007ff7aeab0000 	C:\Users\samid.sixaliyev\.jdks\graalvm-jdk-21.0.7\bin\java.exe
0x00007ffede910000 - 0x00007ffedeb27000 	C:\Windows\SYSTEM32\ntdll.dll
0x00007ffedd830000 - 0x00007ffedd8f4000 	C:\Windows\System32\KERNEL32.DLL
0x00007ffedbea0000 - 0x00007ffedc273000 	C:\Windows\System32\KERNELBASE.dll
0x00007ffedbca0000 - 0x00007ffedbdb1000 	C:\Windows\System32\ucrtbase.dll
0x00007ffea39c0000 - 0x00007ffea39d9000 	C:\Users\samid.sixaliyev\.jdks\graalvm-jdk-21.0.7\bin\jli.dll
0x00007ffedc920000 - 0x00007ffedc9d1000 	C:\Windows\System32\ADVAPI32.dll
0x00007ffedd110000 - 0x00007ffedd1b7000 	C:\Windows\System32\msvcrt.dll
0x00007ffedde70000 - 0x00007ffeddf17000 	C:\Windows\System32\sechost.dll
0x00007ffedbdf0000 - 0x00007ffedbe18000 	C:\Windows\System32\bcrypt.dll
0x00007ffeddd50000 - 0x00007ffedde64000 	C:\Windows\System32\RPCRT4.dll
0x00007ffeddad0000 - 0x00007ffeddc81000 	C:\Windows\System32\USER32.dll
0x00007ffedbdc0000 - 0x00007ffedbde6000 	C:\Windows\System32\win32u.dll
0x00007ffedca50000 - 0x00007ffedca79000 	C:\Windows\System32\GDI32.dll
0x00007ffedbb70000 - 0x00007ffedbc92000 	C:\Windows\System32\gdi32full.dll
0x00007ffedc3c0000 - 0x00007ffedc45a000 	C:\Windows\System32\msvcp_win.dll
0x00007ffe94020000 - 0x00007ffe9403b000 	C:\Users\samid.sixaliyev\.jdks\graalvm-jdk-21.0.7\bin\VCRUNTIME140.dll
0x00007ffec8600000 - 0x00007ffec889b000 	C:\Windows\WinSxS\amd64_microsoft.windows.common-controls_6595b64144ccf1df_6.0.22621.5262_none_2712bde373830908\COMCTL32.dll
0x00007ffed1570000 - 0x00007ffed157a000 	C:\Windows\SYSTEM32\VERSION.dll
0x00007ffeddc90000 - 0x00007ffeddcc1000 	C:\Windows\System32\IMM32.DLL
0x00007ffea2470000 - 0x00007ffea2ae1000 	C:\Program Files\McAfee\DLP\Agent\fcagpph64.dll
0x00007ffeddf20000 - 0x00007ffede7bd000 	C:\Windows\System32\SHELL32.dll
0x00007ffedc280000 - 0x00007ffedc3bf000 	C:\Windows\System32\wintypes.dll
0x00007ffedccc0000 - 0x00007ffedd053000 	C:\Windows\System32\combase.dll
0x00007ffedd1e0000 - 0x00007ffedd381000 	C:\Windows\System32\ole32.dll
0x00007ffedc9e0000 - 0x00007ffedca46000 	C:\Windows\System32\SHLWAPI.dll
0x00007ffeddcd0000 - 0x00007ffeddd41000 	C:\Windows\System32\WS2_32.dll
0x00007ffedcbe0000 - 0x00007ffedccb7000 	C:\Windows\System32\OLEAUT32.dll
0x00007ffeda7b0000 - 0x00007ffeda7c4000 	C:\Windows\SYSTEM32\WTSAPI32.dll
0x00007ffec3e50000 - 0x00007ffec3ef8000 	C:\Windows\SYSTEM32\WINSPOOL.DRV
0x00007ffedc770000 - 0x00007ffedc87b000 	C:\Windows\System32\shcore.dll
0x00007ffedab10000 - 0x00007ffedab44000 	C:\Windows\SYSTEM32\ntmarta.dll
0x00007ffeab9a0000 - 0x00007ffeaba51000 	C:\Program Files\McAfee\Endpoint Security\Threat Prevention\Ips\EpMPApi.dll
0x000001474a6d0000 - 0x000001474a74c000 	C:\Windows\System32\WINTRUST.dll
0x00007ffedba00000 - 0x00007ffedbb67000 	C:\Windows\System32\CRYPT32.dll
0x00007ffedb300000 - 0x00007ffedb312000 	C:\Windows\SYSTEM32\MSASN1.dll
0x000000005d490000 - 0x000000005d49c000 	C:\Program Files\McAfee\Endpoint Security\Threat Prevention\Ips\EpMPThe.dll
0x00007ffeab0f0000 - 0x00007ffeab14b000 	C:\Program Files\McAfee\Endpoint Security\Threat Prevention\Ips\HIPHandlers64.dll
0x00007ffeda290000 - 0x00007ffeda2bd000 	C:\Windows\SYSTEM32\IPHLPAPI.DLL
0x00007ffeccb00000 - 0x00007ffeccd32000 	C:\Windows\SYSTEM32\dbghelp.dll
0x00007ffec4c40000 - 0x00007ffec4c4c000 	C:\Users\samid.sixaliyev\.jdks\graalvm-jdk-21.0.7\bin\vcruntime140_1.dll
0x00007ffe56150000 - 0x00007ffe561de000 	C:\Users\samid.sixaliyev\.jdks\graalvm-jdk-21.0.7\bin\msvcp140.dll
0x00007ffe006c0000 - 0x00007ffe013e4000 	C:\Users\samid.sixaliyev\.jdks\graalvm-jdk-21.0.7\bin\server\jvm.dll
0x00007ffedb1e0000 - 0x00007ffedb22d000 	C:\Windows\SYSTEM32\POWRPROF.dll
0x00007ffed12c0000 - 0x00007ffed12f4000 	C:\Windows\SYSTEM32\WINMM.dll
0x00007ffedb1c0000 - 0x00007ffedb1d3000 	C:\Windows\SYSTEM32\UMPDC.dll
0x00007ffedaa00000 - 0x00007ffedaa18000 	C:\Windows\SYSTEM32\kernel.appcore.dll
0x00007ffeb7310000 - 0x00007ffeb731a000 	C:\Users\samid.sixaliyev\.jdks\graalvm-jdk-21.0.7\bin\jimage.dll
0x00007ffec2a00000 - 0x00007ffec2a32000 	C:\Windows\SYSTEM32\dbgcore.DLL
0x00007ffedbe20000 - 0x00007ffedbe9b000 	C:\Windows\System32\bcryptPrimitives.dll
0x00007ffeb71b0000 - 0x00007ffeb71bf000 	C:\Users\samid.sixaliyev\.jdks\graalvm-jdk-21.0.7\bin\instrument.dll
0x00007ffe93f10000 - 0x00007ffe93f2f000 	C:\Users\samid.sixaliyev\.jdks\graalvm-jdk-21.0.7\bin\java.dll

dbghelp: loaded successfully - version: 4.0.5 - missing functions: none
symbol engine: initialized successfully - sym options: 0x614 - pdb path: .;C:\Users\samid.sixaliyev\.jdks\graalvm-jdk-21.0.7\bin;C:\Windows\SYSTEM32;C:\Windows\WinSxS\amd64_microsoft.windows.common-controls_6595b64144ccf1df_6.0.22621.5262_none_2712bde373830908;C:\Program Files\McAfee\DLP\Agent;C:\Program Files\McAfee\Endpoint Security\Threat Prevention\Ips;C:\Users\samid.sixaliyev\.jdks\graalvm-jdk-21.0.7\bin\server

VM Arguments:
jvm_args: -XX:ThreadPriorityPolicy=1 -XX:+UnlockExperimentalVMOptions -XX:+EnableJVMCIProduct -XX:-UnlockExperimentalVMOptions -XX:TieredStopAtLevel=1 -Dspring.output.ansi.enabled=always -Dcom.sun.management.jmxremote -Dspring.jmx.enabled=true -Dspring.liveBeansView.mbeanDomain -Dspring.application.admin.enabled=true -Dmanagement.endpoints.jmx.exposure.include=* -javaagent:C:\Program Files\JetBrains\IntelliJ IDEA 2025.1\lib\idea_rt.jar=50824 -Dfile.encoding=UTF-8 -Dsun.stdout.encoding=UTF-8 -Dsun.stderr.encoding=UTF-8 
java_command: ao.samid.auth.AuthApplication
java_class_path (initial): C:\Users\samid.sixaliyev\Desktop\final\Auth\build\classes\java\main;C:\Users\samid.sixaliyev\Desktop\final\Auth\build\resources\main;C:\Users\samid.sixaliyev\.gradle\caches\modules-2\files-2.1\org.projectlombok\lombok\1.18.38\57f8f5e02e92a30fd21b80cbd426a4172b5f8e29\lombok-1.18.38.jar;C:\Users\samid.sixaliyev\.gradle\caches\modules-2\files-2.1\org.springframework.boot\spring-boot-starter-security\3.4.5\1893f9d40f28cc47a87a3478b02e1e45650bfe43\spring-boot-starter-security-3.4.5.jar;C:\Users\samid.sixaliyev\.gradle\caches\modules-2\files-2.1\org.springframework.boot\spring-boot-starter-data-jpa\3.4.5\c6ef06dfef1b02f3e3f82d67118d3944672e7d49\spring-boot-starter-data-jpa-3.4.5.jar;C:\Users\samid.sixaliyev\.gradle\caches\modules-2\files-2.1\org.springframework.boot\spring-boot-starter-validation\3.4.5\ac75735317fbb71d00829559d1a0a21978989f0\spring-boot-starter-validation-3.4.5.jar;C:\Users\samid.sixaliyev\.gradle\caches\modules-2\files-2.1\org.springframework.boot\spring-boot-starter-web\3.4.5\54cb03e8615f0c10cd44b5b7d155af3d0be7d66a\spring-boot-starter-web-3.4.5.jar;C:\Users\samid.sixaliyev\.gradle\caches\modules-2\files-2.1\io.jsonwebtoken\jjwt-api\0.12.6\478886a888f6add04937baf0361144504a024967\jjwt-api-0.12.6.jar;C:\Users\samid.sixaliyev\.gradle\caches\modules-2\files-2.1\com.fasterxml.jackson.core\jackson-databind\2.15.3\a734bc2c47a9453c4efa772461a3aeb273c010d9\jackson-databind-2.15.3.jar;C:\Users\samid.sixaliyev\.gradle\caches\modules-2\files-2.1\org.liquibase\liquibase-core\4.29.2\bc4d7a9247ee41a1a467aae2fbe69094e354cac5\liquibase-core-4.29.2.jar;C:\Users\samid.sixaliyev\.gradle\caches\modules-2\files-2.1\org.springframework.boot\spring-boot-starter\3.4.5\3b1cd30bd3be52f5fd0c0934882ec86ed4457646\spring-boot-starter-3.4.5.jar;C:\Users\samid.sixaliyev\.gradle\caches\modules-2\files-2.1\org.springframework.security\spring-security-config\6.4.5\51f03717b00eb1843073cccb0ff294edb7946917\spring-security-config-6.4.5.jar;C:\Users\samid.sixaliyev\.gradle\caches\modules-2\files-2.1\org.springframework.security\spring-security-web\6.4.5\f430226d6af53c86bf02feb461d9b035953d8deb\spring-security-web-6.4.5.jar;C:\Users\samid.sixaliyev\.gradle\caches\modules-2\files-2.1\org.springframework\spring-aop\6.2.6\ab5502a1e9694f2ecd001ecb1ee1fc46b29cfbd9\spring-aop-6.2.6.jar;C:\Users\samid.sixaliyev\.gradle\caches\modules-2\files-2.1\org.springframework.boot\spring-boot-starter-jdbc\3.4.5\e361f635454d0694547cc226ece3aa10fde7ff2b\spring-boot-starter-jdbc-3.4.5.jar;C:\Users\samid.sixaliyev\.gradle\caches\modules-2\files-2.1\org.springframework.data\spring-data-jpa\3.4.5\40000309bebdc0e4e284211701f039eb5b1fb1a6\spring-data-jpa-3.4.5.jar;C:\Users\samid.sixaliyev\.gradle\caches\modules-2\files-2.1\org.hibernate.orm\hibernate-core\6.6.13.Final\e7f1b2d53e89b9863dca12cd5f1b261ba413415b\hibernate-core-6.6.13.Final.jar;C:\Users\samid.sixaliyev\.gradle\caches\modules-2\files-2.1\org.springframework\spring-aspects\6.2.6\2bb7fe48b4fef28af71be32815200c19ac95f783\spring-aspects-6.2.6.jar;C:\Users\samid.sixaliyev\.gradle\caches\modules-2\files-2.1\org.apache.tomcat.embed\tomcat-embed-el\10.1.40\1b321790508c1d410689b4f496dae18a97fa6ae9\tomcat-embed-el-10.1.40.jar;C:\Users\samid.sixaliyev\.gradle\caches\modules-2\files-2.1\org.hibernate.validator\hibernate-validator\8.0.2.Final\220e64815dd87535525331de20570017f899eb13\hibernate-validator-8.0.2.Final.jar;C:\Users\samid.sixaliyev\.gradle\caches\modules-2\files-2.1\org.springframework.boot\spring-boot-starter-json\3.4.5\b7a87d4565c99754e0fcf4da405ebe3ab0870c88\spring-boot-starter-json-3.4.5.jar;C:\Users\samid.sixaliyev\.gradle\caches\modules-2\files-2.1\org.springframework\spring-webmvc\6.2.6\48c37c417d00b9dc12e344892b206bbbf67f0945\spring-webmvc-6.2.6.jar;C:\Users\samid.sixaliyev\.gradle\caches\modules-2\files-2.1\org.springframework.boot\spring-boot-starter-tomcat\3.4.5\d3121e25897969409967675c0c450dd3cad45162\spring-boot-starter-tomcat-3.4.5.jar;C:\Users\samid.sixaliyev\.gradle\caches\modules-2\files-2.1\org.springframework\spring-web\6.2.6\17a4f806e877a1064a2442fe7545b0036fb9550f\spring-web-6.2.6.jar;C:\Users\samid.sixaliyev\.gradle\caches\modules-2\files-2.1\com.fasterxml.jackson.core\jackson-annotations\2.18.3\7fa21cf7da4598f8240e4ebd9779249622af1acd\jackson-annotations-2.18.3.jar;C:\Users\samid.sixaliyev\.gradle\caches\modules-2\files-2.1\com.fasterxml.jackson.core\jackson-core\2.18.3\78f80c259268200e588aa204dd97ecf09b76916e\jackson-core-2.18.3.jar;C:\Users\samid.sixaliyev\.gradle\caches\modules-2\files-2.1\com.opencsv\opencsv\5.9\284ea0b60a24b71a530100783185e7d547ab5339\opencsv-5.9.jar;C:\Users\samid.sixaliyev\.gradle\caches\modules-2\files-2.1\org.yaml\snakeyaml\2.3\936b36210e27320f920536f695cf1af210c44586\snakeyaml-2.3.jar;C:\Users\samid.sixaliyev\.gradle\caches\modules-2\files-2.1\javax.xml.bind\jaxb-api\2.3.1\8531ad5ac454cc2deb9d4d32c40c4d7451939b5d\jaxb-api-2.3.1.jar;C:\Users\samid.sixaliyev\.gradle\caches\modules-2\files-2.1\commons-io\commons-io\2.16.1\377d592e740dc77124e0901291dbfaa6810a200e\commons-io-2.16.1.jar;C:\Users\samid.sixaliyev\.gradle\caches\modules-2\files-2.1\org.apache.commons\commons-collections4\4.4\62ebe7544cb7164d87e0637a2a6a2bdc981395e8\commons-collections4-4.4.jar;C:\Users\samid.sixaliyev\.gradle\caches\modules-2\files-2.1\org.apache.commons\commons-text\1.12.0\66aa90dc099701c4d3b14bd256c328f592ccf0d6\commons-text-1.12.0.jar;C:\Users\samid.sixaliyev\.gradle\caches\modules-2\files-2.1\org.apache.commons\commons-lang3\3.17.0\b17d2136f0460dcc0d2016ceefca8723bdf4ee70\commons-lang3-3.17.0.jar;C:\Users\samid.sixaliyev\.gradle\caches\modules-2\files-2.1\org.springframework.boot\spring-boot-autoconfigure\3.4.5\c44ad60865ca1d0b88e576b0355e755ed28aec52\spring-boot-autoconfigure-3.4.5.jar;C:\Users\samid.sixaliyev\.gradle\caches\modules-2\files-2.1\org.springframework.boot\spring-boot\3.4.5\414fcf9f9e0ccb961243d8f36ef8ad6d4040e745\spring-boot-3.4.5.jar;C:\Users\samid.sixaliyev\.gradle\caches\modules-2\files-2.1\org.springframework.boot\spring-boot-starter-logging\3.4.5\f4821c3181ef6dfbbc5305ebf5a3ed2c5493ef14\spring-boot-starter-logging-3.4.5.jar;C:\Users\samid.sixaliyev\.gradle\caches\modules-2\files-2.1\jakarta.annotation\jakarta.annotation-api\2.1.1\48b9bda22b091b1f48b13af03fe36db3be6e1ae3\jakarta.annotation-api-2.1.1.jar;C:\Users\samid.sixaliyev\.gradle\caches\modules-2\files-2.1\org.springframework\spring-core\6.2.6\4639dac5fc46cb6a9f6eb2709decfb90313e0f2c\spring-core-6.2.6.jar;C:\Users\samid.sixaliyev\.gradle\caches\modules-2\files-2.1\org.springframework.security\spring-security-core\6.4.5\ae545fe651f167ccf36f494300f460d6f8c978b8\spring-security-core-6.4.5.jar;C:\Users\samid.sixaliyev\.gradle\caches\modules-2\files-2.1\org.springframework\spring-context\6.2.6\ae08b2ec4a49ab7acb0b5eea7c309363139d54ad\spring-context-6.2.6.jar;C:\Users\samid.sixaliyev\.gradle\caches\modules-2\files-2.1\org.springframework\spring-beans\6.2.6\d43abe3b5765748210c511043b1d4904ca216a9f\spring-beans-6.2.6.jar;C:\Users\samid.sixaliyev\.gradle\caches\modules-2\files-2.1\org.springframework\spring-expression\6.2.6\d9efc768cfda1d97c8fe769a9d50f936eb7f18e2\spring-expression-6.2.6.jar;C:\Users\samid.sixaliyev\.gradle\caches\modules-2\files-2.1\org.springframework\spring-jdbc\6.2.6\529137b0f92d8cfd13876e6aa8df9088246b4755\spring-jdbc-6.2.6.jar;C:\Users\samid.sixaliyev\.gradle\caches\modules-2\files-2.1\com.zaxxer\HikariCP\5.1.0\8c96e36c14461fc436bb02b264b96ef3ca5dca8c\HikariCP-5.1.0.jar;C:\Users\samid.sixaliyev\.gradle\caches\modules-2\files-2.1\org.springframework\spring-orm\6.2.6\b579360aaab1e52ec95d0538cc3c89fa8689485d\spring-orm-6.2.6.jar;C:\Users\samid.sixaliyev\.gradle\caches\modules-2\files-2.1\org.springframework.data\spring-data-commons\3.4.5\bad5044a4d2f322ff939247ff448d4322c6b7d5d\spring-data-commons-3.4.5.jar;C:\Users\samid.sixaliyev\.gradle\caches\modules-2\files-2.1\org.springframework\spring-tx\6.2.6\fb46b2d651a6c509625bc6e7e38865137f658eca\spring-tx-6.2.6.jar;C:\Users\samid.sixaliyev\.gradle\caches\modules-2\files-2.1\org.antlr\antlr4-runtime\4.13.0\5a02e48521624faaf5ff4d99afc88b01686af655\antlr4-runtime-4.13.0.jar;C:\Users\samid.sixaliyev\.gradle\caches\modules-2\files-2.1\org.slf4j\slf4j-api\2.0.17\d9e58ac9c7779ba3bf8142aff6c830617a7fe60f\slf4j-api-2.0.17.jar;C:\Users\samid.sixaliyev\.gradle\caches\modules-2\files-2.1\jakarta.persistence\jakarta.persistence-api\3.1.0\66901fa1c373c6aff65c13791cc11da72060a8d6\jakarta.persistence-api-3.1.0.jar;C:\Users\samid.sixaliyev\.gradle\caches\modules-2\files-2.1\jakarta.transaction\jakarta.transaction-api\2.0.1\51a520e3fae406abb84e2e1148e6746ce3f80a1a\jakarta.transaction-api-2.0.1.jar;C:\Users\samid.sixaliyev\.gradle\caches\modules-2\files-2.1\org.aspectj\aspectjweaver\1.9.24\9b5aeb0cea9f958b9c57fb80e62996e95a3e9379\aspectjweaver-1.9.24.jar;C:\Users\samid.sixaliyev\.gradle\caches\modules-2\files-2.1\jakarta.validation\jakarta.validation-api\3.0.2\92b6631659ba35ca09e44874d3eb936edfeee532\jakarta.validation-api-3.0.2.jar;C:\Users\samid.sixaliyev\.gradle\caches\modules-2\files-2.1\org.jboss.logging\jboss-logging\3.6.1.Final\886afbb445b4016a37c8960a7aef6ebd769ce7e5\jboss-logging-3.6.1.Final.jar;C:\Users\samid.sixaliyev\.gradle\caches\modules-2\files-2.1\com.fasterxml\classmate\1.7.0\e98374da1f2143ac8e6e0a95036994bb19137a3\classmate-1.7.0.jar;C:\Users\samid.sixaliyev\.gradle\caches\modules-2\files-2.1\com.fasterxml.jackson.datatype\jackson-datatype-jsr310\2.18.3\cc57924cccf42fc852081c36215272f84ffcd991\jackson-datatype-jsr310-2.18.3.jar;C:\Users\samid.sixaliyev\.gradle\caches\modules-2\files-2.1\com.fasterxml.jackson.module\jackson-module-parameter-names\2.18.3\fa63ae5eb3956b1a6d7a7ead2b513af89dea22e7\jackson-module-parameter-names-2.18.3.jar;C:\Users\samid.sixaliyev\.gradle\caches\modules-2\files-2.1\com.fasterxml.jackson.datatype\jackson-datatype-jdk8\2.18.3\621558295660935134b171ce2b0d9ad6842ec2ff\jackson-datatype-jdk8-2.18.3.jar;C:\Users\samid.sixaliyev\.gradle\caches\modules-2\files-2.1\org.apache.tomcat.embed\tomcat-embed-websocket\10.1.40\ffdcf96aa28e77858644f4db100e8de896ba58e3\tomcat-embed-websocket-10.1.40.jar;C:\Users\samid.sixaliyev\.gradle\caches\modules-2\files-2.1\org.apache.tomcat.embed\tomcat-embed-core\10.1.40\fc1c09b726336dc6f7dde0408cebb1a56a3a28d3\tomcat-embed-core-10.1.40.jar;C:\Users\samid.sixaliyev\.gradle\caches\modules-2\files-2.1\io.micrometer\micrometer-observation\1.14.6\3ba55114eb3f2b33431ce6cf80c6114cf2b21c9\micrometer-observation-1.14.6.jar;C:\Users\samid.sixaliyev\.gradle\caches\modules-2\files-2.1\ch.qos.logback\logback-classic\1.5.18\fc371f3fc97a639de2d67947cffb7518ec5e3d40\logback-classic-1.5.18.jar;C:\Users\samid.sixaliyev\.gradle\caches\modules-2\files-2.1\org.apache.logging.log4j\log4j-to-slf4j\2.24.3\da1143e2a2531ee1c2d90baa98eb50a28a39d5a7\log4j-to-slf4j-2.24.3.jar;C:\Users\samid.sixaliyev\.gradle\caches\modules-2\files-2.1\org.slf4j\jul-to-slf4j\2.0.17\524cb6ccc2b68a57604750e1ab8b13b5a786a6aa\jul-to-slf4j-2.0.17.jar;C:\Users\samid.sixaliyev\.gradle\caches\modules-2\files-2.1\org.springframework\spring-jcl\6.2.6\f4468f33de0015179abb6055964801bc962f8d51\spring-jcl-6.2.6.jar;C:\Users\samid.sixaliyev\.gradle\caches\modules-2\files-2.1\org.springframework.security\spring-security-crypto\6.4.5\9d3340a1f6cd975dbb72b22b865119b614c43060\spring-security-crypto-6.4.5.jar;C:\Users\samid.sixaliyev\.gradle\caches\modules-2\files-2.1\io.micrometer\micrometer-commons\1.14.6\1a6595762c77bd8401cf51aa11bac8e4fa747545\micrometer-commons-1.14.6.jar;C:\Users\samid.sixaliyev\.gradle\caches\modules-2\files-2.1\ch.qos.logback\logback-core\1.5.18\6c0375624f6f36b4e089e2488ba21334a11ef13f\logback-core-1.5.18.jar;C:\Users\samid.sixaliyev\.gradle\caches\modules-2\files-2.1\org.apache.logging.log4j\log4j-api\2.24.3\b02c125db8b6d295adf72ae6e71af5d83bce2370\log4j-api-2.24.3.jar;C:\Users\samid.sixaliyev\.gradle\caches\modules-2\files-2.1\io.jsonwebtoken\jjwt-impl\0.12.6\ac23673a84b6089e0369fb8ab2c69edd91cd6eb0\jjwt-impl-0.12.6.jar;C:\Users\samid.sixaliyev\.gradle\caches\modules-2\files-2.1\io.jsonwebtoken\jjwt-jackson\0.12.6\f141e0c1136ba17f2632858238a31ae05642dbf8\jjwt-jackson-0.12.6.jar;C:\Users\samid.sixaliyev\.gradle\caches\modules-2\files-2.1\org.postgresql\postgresql\42.7.5\747897987b86c741fb8b56f6b81929ae1e6e4b46\postgresql-42.7.5.jar;C:\Users\samid.sixaliyev\.gradle\caches\modules-2\files-2.1\org.checkerframework\checker-qual\3.48.3\c48effe7d78de3cf5e8a98c614281ec6a2466a77\checker-qual-3.48.3.jar;C:\Users\samid.sixaliyev\.gradle\caches\modules-2\files-2.1\org.hibernate.common\hibernate-commons-annotations\7.0.3.Final\e183c4be8bb41d12e9f19b374e00c34a0a85f439\hibernate-commons-annotations-7.0.3.Final.jar;C:\Users\samid.sixaliyev\.gradle\caches\modules-2\files-2.1\io.smallrye\jandex\3.2.0\f17ad860f62a08487b9edabde608f8ac55c62fa7\jandex-3.2.0.jar;C:\Users\samid.sixaliyev\.gradle\caches\modules-2\files-2.1\net.bytebuddy\byte-buddy\1.15.11\f61886478e0f9ee4c21d09574736f0ff45e0a46c\byte-buddy-1.15.11.jar;C:\Users\samid.sixaliyev\.gradle\caches\modules-2\files-2.1\org.glassfish.jaxb\jaxb-runtime\4.0.5\ca84c2a7169b5293e232b9d00d1e4e36d4c3914a\jaxb-runtime-4.0.5.jar;C:\Users\samid.sixaliyev\.gradle\caches\modules-2\files-2.1\jakarta.xml.bind\jakarta.xml.bind-api\4.0.2\6cd5a999b834b63238005b7144136379dc36cad2\jakarta.xml.bind-api-4.0.2.jar;C:\Users\samid.sixaliyev\.gradle\caches\modules-2\files-2.1\jakarta.inject\jakarta.inject-api\2.0.1\4c28afe1991a941d7702fe1362c365f0a8641d1e\jakarta.inject-api-2.0.1.jar;C:\Users\samid.sixaliyev\.gradle\caches\modules-2\files-2.1\org.glassfish.jaxb\jaxb-core\4.0.5\7b4b11ea5542eea4ad55e1080b23be436795b3\jaxb-core-4.0.5.jar;C:\Users\samid.sixaliyev\.gradle\caches\modules-2\files-2.1\jakarta.activation\jakarta.activation-api\2.1.3\fa165bd70cda600368eee31555222776a46b881f\jakarta.activation-api-2.1.3.jar;C:\Users\samid.sixaliyev\.gradle\caches\modules-2\files-2.1\org.eclipse.angus\angus-activation\2.0.2\41f1e0ddd157c856926ed149ab837d110955a9fc\angus-activation-2.0.2.jar;C:\Users\samid.sixaliyev\.gradle\caches\modules-2\files-2.1\org.glassfish.jaxb\txw2\4.0.5\f36a4ef12120a9bb06d766d6a0e54b144fd7ed98\txw2-4.0.5.jar;C:\Users\samid.sixaliyev\.gradle\caches\modules-2\files-2.1\com.sun.istack\istack-commons-runtime\4.1.2\18ec117c85f3ba0ac65409136afa8e42bc74e739\istack-commons-runtime-4.1.2.jar
Launcher Type: SUN_STANDARD

[Global flags]
     intx CICompilerCount                          = 12                                        {product} {ergonomic}
     uint ConcGCThreads                            = 4                                         {product} {ergonomic}
     bool EnableJVMCIProduct                       = true                                {JVMCI product} {jimage}
     uint G1ConcRefinementThreads                  = 15                                        {product} {ergonomic}
   size_t G1HeapRegionSize                         = 2097152                                   {product} {ergonomic}
    uintx GCDrainStackTargetSize                   = 64                                        {product} {ergonomic}
   size_t InitialHeapSize                          = 264241152                                 {product} {ergonomic}
     bool ManagementServer                         = true                                      {product} {command line}
   size_t MarkStackSize                            = 4194304                                   {product} {ergonomic}
   size_t MaxHeapSize                              = 4211081216                                {product} {ergonomic}
   size_t MinHeapDeltaBytes                        = 2097152                                   {product} {ergonomic}
   size_t MinHeapSize                              = 8388608                                   {product} {ergonomic}
    uintx NonNMethodCodeHeapSize                   = 4096                                   {pd product} {ergonomic}
    uintx NonProfiledCodeHeapSize                  = 0                                      {pd product} {ergonomic}
     bool ProfileInterpreter                       = false                                  {pd product} {command line}
    uintx ProfiledCodeHeapSize                     = 0                                      {pd product} {ergonomic}
   size_t SoftMaxHeapSize                          = 4211081216                             {manageable} {ergonomic}
      int ThreadPriorityPolicy                     = 1                                         {product} {jimage}
     intx TieredStopAtLevel                        = 1                                         {product} {command line}
     bool UseCompressedOops                        = true                           {product lp64_product} {ergonomic}
     bool UseG1GC                                  = true                                      {product} {ergonomic}
     bool UseLargePagesIndividualAllocation        = false                                  {pd product} {ergonomic}

Logging:
Log output configuration:
 #0: stdout all=warning uptime,level,tags foldmultilines=false
 #1: stderr all=off uptime,level,tags foldmultilines=false

Environment Variables:
PATH=C:\Program Files\Common Files\Oracle\Java\javapath;C:\Program Files\Microsoft MPI\Bin\;C:\Windows\system32;C:\Windows;C:\Windows\System32\Wbem;C:\Windows\System32\WindowsPowerShell\v1.0\;C:\Windows\System32\OpenSSH\;C:\Program Files (x86)\Microsoft SQL Server\160\Tools\Binn\;C:\Program Files\Microsoft SQL Server\160\Tools\Binn\;C:\Program Files\Microsoft SQL Server\Client SDK\ODBC\170\Tools\Binn\;C:\Program Files\Microsoft SQL Server\160\DTS\Binn\;C:\Program Files (x86)\Microsoft SQL Server\160\DTS\Binn\;C:\msys64\mingw64\bin;C:\msys64\ucrt64\bin;C:\Program Files\nodejs\;C:\php-8.3.10;;C:\Program Files\Docker\Docker\resources\bin;C:\Users\samid.sixaliyev\AppData\Local\Microsoft\WindowsApps;C:\Users\samid.sixaliyev\AppData\Local\Programs\Microsoft VS Code\bin;C:\Users\samid.sixaliyev\AppData\Local\JetBrains\IntelliJ IDEA Community Edition 2024.3.5\bin;;C:\Users\samid.sixaliyev\AppData\Local\ComposerSetup\bin;C:\Users\samid.sixaliyev\AppData\Roaming\Composer\vendor\bin;C:\Users\samid.sixaliyev\AppData\Local\Programs\Git\cmd
USERNAME=samid.sixaliyev
OS=Windows_NT
PROCESSOR_IDENTIFIER=Intel64 Family 6 Model 151 Stepping 2, GenuineIntel
TMP=C:\Users\SAMID~1.SIX\AppData\Local\Temp
TEMP=C:\Users\SAMID~1.SIX\AppData\Local\Temp




Periodic native trim disabled

---------------  S Y S T E M  ---------------

OS:
 Windows 11 , 64 bit Build 22621 (10.0.22621.5262)
OS uptime: 0 days 2:25 hours
Hyper-V role detected

CPU: total 20 (initial active 20) (10 cores per cpu, 2 threads per core) family 6 model 151 stepping 2 microcode 0x26, cx8, cmov, fxsr, ht, mmx, 3dnowpref, sse, sse2, sse3, ssse3, sse4.1, sse4.2, popcnt, lzcnt, tsc, tscinvbit, avx, avx2, aes, erms, clmul, bmi1, bmi2, adx, sha, fma, vzeroupper, clflush, clflushopt, clwb, hv, serialize, rdtscp, rdpid, fsrm, f16c, cet_ibt, cet_ss
Processor Information for all 20 processors :
  Max Mhz: 3600, Current Mhz: 3600, Mhz Limit: 3600

Memory: 4k page, system-wide physical 16058M (1421M free)
TotalPageFile size 24247M (AvailPageFile size 108M)
current process WorkingSet (physical memory assigned to process): 17M, peak: 17M
current process commit charge ("private bytes"): 75M, peak: 326M

vm_info: Java HotSpot(TM) 64-Bit Server VM (21.0.7+8-LTS-jvmci-23.1-b60) for windows-amd64 JRE (21.0.7+8-LTS-jvmci-23.1-b60), built on 2025-02-26T11:58:54Z by "OCIWIN11Buildbot" with MS VC++ 17.6 (VS2022)

END.
